<?xml version="1.0" encoding="UTF-8"?>
<!-- Generated by org.testng.reporters.JUnitReportReporter -->
<testsuite skipped="0" hostname="pradhanssingh" name="com.nt.test.FlightBookingTest" tests="6" failures="0" timestamp="22 May 2020 18:14:36 GMT" time="16.439" errors="0">
  <testcase name="loginToSite" time="4.276" classname="com.nt.test.FlightBookingTest"/>
  <testcase name="bookingDetails" time="3.242" classname="com.nt.test.FlightBookingTest"/>
  <testcase name="FlightSelection" time="1.351" classname="com.nt.test.FlightBookingTest"/>
  <testcase name="passengerDetails" time="2.085" classname="com.nt.test.FlightBookingTest"/>
  <testcase name="billAddressDetails" time="1.302" classname="com.nt.test.FlightBookingTest"/>
  <testcase name="delAddressDetails" time="4.183" classname="com.nt.test.FlightBookingTest"/>
</testsuite> <!-- com.nt.test.FlightBookingTest -->
